<?xml version="1.0" encoding="UTF-8"?>
<!-- Generated by org.testng.reporters.JUnitReportReporter -->
<testsuite hostname="DEG0JSJX1" name="automation_framework.UserDefinedFunctions_TC" tests="1" failures="0" timestamp="16 Feb 2017 23:04:04 GMT" time="12.512" errors="0">
  <testcase name="main" time="12.512" classname="automation_framework.UserDefinedFunctions_TC"/>
</testsuite> <!-- automation_framework.UserDefinedFunctions_TC -->
