<?xml version="1.0" encoding="UTF-8"?>
<!-- Generated by org.testng.reporters.JUnitReportReporter -->
<testsuite hostname="DEG0JSJX1" name="automation_framework.TestNG_framework" tests="1" failures="0" timestamp="17 Feb 2017 14:21:08 GMT" time="61.808" errors="0">
  <testcase name="main" time="61.808" classname="automation_framework.TestNG_framework"/>
</testsuite> <!-- automation_framework.TestNG_framework -->
