<?xml version="1.0" encoding="UTF-8"?>
<!-- Generated by org.testng.reporters.JUnitReportReporter -->
<testsuite hostname="DEG0JSJX1" name="automation_framework.TestNG_framework" tests="1" failures="0" timestamp="16 Feb 2017 21:57:50 GMT" time="49.993" errors="0">
  <testcase name="main" time="49.993" classname="automation_framework.TestNG_framework"/>
</testsuite> <!-- automation_framework.TestNG_framework -->
